2014/09/08 14:46:49 INFO  - jmeter.util.JMeterUtils: Setting Locale to en_IN 
2014/09/08 14:46:49 INFO  - jmeter.JMeter: Loading user properties from: D:\Dev_Test\apache-jmeter-2.11\bin\user.properties 
2014/09/08 14:46:49 INFO  - jmeter.JMeter: Loading system properties from: D:\Dev_Test\apache-jmeter-2.11\bin\system.properties 
2014/09/08 14:46:49 INFO  - jmeter.JMeter: Copyright (c) 1998-2014 The Apache Software Foundation 
2014/09/08 14:46:49 INFO  - jmeter.JMeter: Version 2.11 r1554548 
2014/09/08 14:46:49 INFO  - jmeter.JMeter: java.version=1.7.0_67 
2014/09/08 14:46:49 INFO  - jmeter.JMeter: java.vm.name=Java HotSpot(TM) 64-Bit Server VM 
2014/09/08 14:46:49 INFO  - jmeter.JMeter: os.name=Windows 7 
2014/09/08 14:46:49 INFO  - jmeter.JMeter: os.arch=amd64 
2014/09/08 14:46:49 INFO  - jmeter.JMeter: os.version=6.1 
2014/09/08 14:46:49 INFO  - jmeter.JMeter: file.encoding=Cp1252 
2014/09/08 14:46:49 INFO  - jmeter.JMeter: Default Locale=English (India) 
2014/09/08 14:46:49 INFO  - jmeter.JMeter: JMeter  Locale=English (India) 
2014/09/08 14:46:49 INFO  - jmeter.JMeter: JMeterHome=D:\Dev_Test\apache-jmeter-2.11 
2014/09/08 14:46:49 INFO  - jmeter.JMeter: user.dir  =D:\Dev_Test\apache-jmeter-2.11\bin 
2014/09/08 14:46:49 INFO  - jmeter.JMeter: PWD       =D:\Dev_Test\apache-jmeter-2.11\bin 
2014/09/08 14:46:49 INFO  - jmeter.JMeter: IP: 10.0.11.128 Name: CHN-LT-010 FullName: CHN-LT-010.Mecheri.in 
2014/09/08 14:46:49 INFO  - jmeter.JMeter: Loaded icon properties from org/apache/jmeter/images/icon.properties 
2014/09/08 14:46:51 INFO  - jmeter.engine.util.CompoundVariable: Note: Function class names must contain the string: '.functions.' 
2014/09/08 14:46:51 INFO  - jmeter.engine.util.CompoundVariable: Note: Function class names must not contain the string: '.gui.' 
2014/09/08 14:46:52 INFO  - jmeter.gui.action.LookAndFeelCommand: Using look and feel: javax.swing.plaf.metal.MetalLookAndFeel [Metal, CrossPlatform] 
2014/09/08 14:46:53 INFO  - jmeter.util.BSFTestElement: Registering JMeter version of JavaScript engine as work-round for BSF-22 
2014/09/08 14:46:53 INFO  - jmeter.protocol.http.sampler.HTTPSamplerBase: Cannot find .className property for htmlParser, using default 
2014/09/08 14:46:53 INFO  - jmeter.protocol.http.sampler.HTTPSamplerBase: Parser for text/html is  
2014/09/08 14:46:53 INFO  - jmeter.protocol.http.sampler.HTTPSamplerBase: Parser for application/xhtml+xml is  
2014/09/08 14:46:53 INFO  - jmeter.protocol.http.sampler.HTTPSamplerBase: Parser for application/xml is  
2014/09/08 14:46:53 INFO  - jmeter.protocol.http.sampler.HTTPSamplerBase: Parser for text/xml is  
2014/09/08 14:46:53 INFO  - jmeter.protocol.http.sampler.HTTPSamplerBase: Parser for text/vnd.wap.wml is org.apache.jmeter.protocol.http.parser.RegexpHTMLParser 
2014/09/08 14:46:53 INFO  - jmeter.gui.util.MenuFactory: Skipping org.apache.jmeter.protocol.http.control.gui.WebServiceSamplerGui 
2014/09/08 14:46:53 INFO  - jmeter.gui.util.MenuFactory: Skipping org.apache.jmeter.protocol.http.modifier.gui.ParamModifierGui 
2014/09/08 14:46:55 INFO  - jorphan.exec.KeyToolUtils: keytool found at 'keytool' 
2014/09/08 14:46:55 INFO  - jmeter.protocol.http.proxy.ProxyControl: HTTP(S) Test Script Recorder SSL Proxy will use keys that support embedded 3rd party resources in file D:\Dev_Test\apache-jmeter-2.11\bin\proxyserver.jks 
2014/09/08 14:46:56 INFO  - jmeter.samplers.SampleResult: Note: Sample TimeStamps are START times 
2014/09/08 14:46:56 INFO  - jmeter.samplers.SampleResult: sampleresult.default.encoding is set to ISO-8859-1 
2014/09/08 14:46:56 INFO  - jmeter.samplers.SampleResult: sampleresult.useNanoTime=true 
2014/09/08 14:46:56 INFO  - jmeter.samplers.SampleResult: sampleresult.nanoThreadSleep=5000 
2014/09/08 14:52:49 INFO  - jmeter.protocol.http.control.CookieManager: Settings: Delete null: true Check: true Allow variable: true Save: false Prefix: COOKIE_ 
2014/09/08 14:59:29 INFO  - jmeter.services.FileServer: Default base='D:\Dev_Test\apache-jmeter-2.11\bin' 
2014/09/08 14:59:29 INFO  - jmeter.services.FileServer: Set new base='D:\Dev_Test\jMeter-tests' 
2014/09/08 14:59:29 INFO  - jmeter.save.SaveService: Testplan (JMX) version: 2.2. Testlog (JTL) version: 2.2 
2014/09/08 14:59:29 INFO  - jmeter.save.SaveService: Using SaveService properties file encoding UTF-8 
2014/09/08 14:59:29 INFO  - jmeter.save.SaveService: Using SaveService properties version 2.6 
2014/09/08 14:59:29 INFO  - jmeter.save.SaveService: Using SaveService properties file version 1554411 
2014/09/08 14:59:29 INFO  - jmeter.save.SaveService: All converter versions present and correct 
2014/09/08 14:59:34 INFO  - jmeter.engine.StandardJMeterEngine: Listeners will be started after enabling running version 
2014/09/08 14:59:34 INFO  - jmeter.engine.StandardJMeterEngine: To revert to the earlier behaviour, define jmeterengine.startlistenerslater=false 
2014/09/08 14:59:34 INFO  - jmeter.engine.StandardJMeterEngine: Running the test! 
2014/09/08 14:59:34 INFO  - jmeter.samplers.SampleEvent: List of sample_variables: [] 
2014/09/08 14:59:34 INFO  - jmeter.samplers.SampleEvent: List of sample_variables: [] 
2014/09/08 14:59:34 INFO  - jmeter.gui.util.JMeterMenuBar: setRunning(true,*local*) 
2014/09/08 14:59:34 INFO  - jmeter.engine.StandardJMeterEngine: Starting ThreadGroup: 1 : EmpireWeb Visitors 
2014/09/08 14:59:34 INFO  - jmeter.engine.StandardJMeterEngine: Starting 1 threads for group EmpireWeb Visitors. 
2014/09/08 14:59:34 INFO  - jmeter.engine.StandardJMeterEngine: Thread will stop on error 
2014/09/08 14:59:34 INFO  - jmeter.threads.ThreadGroup: Starting thread group number 1 threads 1 ramp-up 1 perThread 1000.0 delayedStart=false 
2014/09/08 14:59:34 INFO  - jmeter.threads.JMeterThread: jmeterthread.startearlier=true (see jmeter.properties) 
2014/09/08 14:59:34 INFO  - jmeter.threads.JMeterThread: Running PostProcessors in forward order 
2014/09/08 14:59:34 INFO  - jmeter.threads.ThreadGroup: Started thread group number 1 
2014/09/08 14:59:34 INFO  - jmeter.engine.StandardJMeterEngine: All thread groups have been started 
2014/09/08 14:59:34 INFO  - jmeter.threads.JMeterThread: Thread started: EmpireWeb Visitors 1-1 
2014/09/08 14:59:34 INFO  - jmeter.protocol.http.sampler.HTTPHCAbstractImpl: Local host = CHN-LT-010 
2014/09/08 14:59:34 INFO  - jmeter.protocol.http.sampler.HTTPHC4Impl: HTTP request retry count = 0 
2014/09/08 14:59:34 INFO  - jmeter.protocol.http.sampler.HTTPHC4Impl: Setting up HTTPS TrustAll scheme 
2014/09/08 14:59:34 INFO  - jmeter.util.JsseSSLManager: Using default SSL protocol: TLS 
2014/09/08 14:59:34 INFO  - jmeter.util.JsseSSLManager: SSL session context: per-thread 
2014/09/08 14:59:35 INFO  - jmeter.threads.JMeterThread: Stop Thread detected by thread: EmpireWeb Visitors 1-1 
2014/09/08 14:59:35 INFO  - jmeter.threads.JMeterThread: Thread finished: EmpireWeb Visitors 1-1 
2014/09/08 14:59:35 INFO  - jmeter.engine.StandardJMeterEngine: Notifying test listeners of end of test 
2014/09/08 14:59:35 INFO  - jmeter.gui.util.JMeterMenuBar: setRunning(false,*local*) 
2014/09/08 15:00:14 INFO  - jmeter.engine.StandardJMeterEngine: Running the test! 
2014/09/08 15:00:14 INFO  - jmeter.samplers.SampleEvent: List of sample_variables: [] 
2014/09/08 15:00:14 INFO  - jmeter.gui.util.JMeterMenuBar: setRunning(true,*local*) 
2014/09/08 15:00:14 INFO  - jmeter.engine.StandardJMeterEngine: Starting ThreadGroup: 1 : EmpireWeb Visitors 
2014/09/08 15:00:14 INFO  - jmeter.engine.StandardJMeterEngine: Starting 1 threads for group EmpireWeb Visitors. 
2014/09/08 15:00:14 INFO  - jmeter.engine.StandardJMeterEngine: Thread will stop on error 
2014/09/08 15:00:14 INFO  - jmeter.threads.ThreadGroup: Starting thread group number 1 threads 1 ramp-up 1 perThread 1000.0 delayedStart=false 
2014/09/08 15:00:14 INFO  - jmeter.threads.ThreadGroup: Started thread group number 1 
2014/09/08 15:00:14 INFO  - jmeter.engine.StandardJMeterEngine: All thread groups have been started 
2014/09/08 15:00:14 INFO  - jmeter.threads.JMeterThread: Thread started: EmpireWeb Visitors 1-1 
2014/09/08 15:00:14 INFO  - jmeter.threads.JMeterThread: Stop Thread detected by thread: EmpireWeb Visitors 1-1 
2014/09/08 15:00:14 INFO  - jmeter.threads.JMeterThread: Thread finished: EmpireWeb Visitors 1-1 
2014/09/08 15:00:14 INFO  - jmeter.engine.StandardJMeterEngine: Notifying test listeners of end of test 
2014/09/08 15:00:14 INFO  - jmeter.gui.util.JMeterMenuBar: setRunning(false,*local*) 
2014/09/08 15:00:55 INFO  - jmeter.engine.StandardJMeterEngine: Running the test! 
2014/09/08 15:00:55 INFO  - jmeter.samplers.SampleEvent: List of sample_variables: [] 
2014/09/08 15:00:55 INFO  - jmeter.gui.util.JMeterMenuBar: setRunning(true,*local*) 
2014/09/08 15:00:55 INFO  - jmeter.engine.StandardJMeterEngine: Starting ThreadGroup: 1 : EmpireWeb Visitors 
2014/09/08 15:00:55 INFO  - jmeter.engine.StandardJMeterEngine: Starting 1 threads for group EmpireWeb Visitors. 
2014/09/08 15:00:55 INFO  - jmeter.engine.StandardJMeterEngine: Thread will stop on error 
2014/09/08 15:00:55 INFO  - jmeter.threads.ThreadGroup: Starting thread group number 1 threads 1 ramp-up 1 perThread 1000.0 delayedStart=false 
2014/09/08 15:00:55 INFO  - jmeter.threads.ThreadGroup: Started thread group number 1 
2014/09/08 15:00:55 INFO  - jmeter.engine.StandardJMeterEngine: All thread groups have been started 
2014/09/08 15:00:55 INFO  - jmeter.threads.JMeterThread: Thread started: EmpireWeb Visitors 1-1 
2014/09/08 15:00:58 INFO  - jmeter.threads.JMeterThread: Thread finished: EmpireWeb Visitors 1-1 
2014/09/08 15:00:58 INFO  - jmeter.engine.StandardJMeterEngine: Notifying test listeners of end of test 
2014/09/08 15:00:58 INFO  - jmeter.gui.util.JMeterMenuBar: setRunning(false,*local*) 
2014/09/08 15:02:35 INFO  - jmeter.engine.StandardJMeterEngine: Running the test! 
2014/09/08 15:02:35 INFO  - jmeter.samplers.SampleEvent: List of sample_variables: [] 
2014/09/08 15:02:35 INFO  - jmeter.gui.util.JMeterMenuBar: setRunning(true,*local*) 
2014/09/08 15:02:36 INFO  - jmeter.engine.StandardJMeterEngine: Starting ThreadGroup: 1 : EmpireWeb Visitors 
2014/09/08 15:02:36 INFO  - jmeter.engine.StandardJMeterEngine: Starting 1 threads for group EmpireWeb Visitors. 
2014/09/08 15:02:36 INFO  - jmeter.engine.StandardJMeterEngine: Thread will stop on error 
2014/09/08 15:02:36 INFO  - jmeter.threads.ThreadGroup: Starting thread group number 1 threads 1 ramp-up 1 perThread 1000.0 delayedStart=false 
2014/09/08 15:02:36 INFO  - jmeter.threads.ThreadGroup: Started thread group number 1 
2014/09/08 15:02:36 INFO  - jmeter.engine.StandardJMeterEngine: All thread groups have been started 
2014/09/08 15:02:36 INFO  - jmeter.threads.JMeterThread: Thread started: EmpireWeb Visitors 1-1 
2014/09/08 15:02:37 INFO  - jmeter.threads.JMeterThread: Thread finished: EmpireWeb Visitors 1-1 
2014/09/08 15:02:37 INFO  - jmeter.engine.StandardJMeterEngine: Notifying test listeners of end of test 
2014/09/08 15:02:37 INFO  - jmeter.gui.util.JMeterMenuBar: setRunning(false,*local*) 
2014/09/08 15:02:41 INFO  - jmeter.engine.StandardJMeterEngine: Running the test! 
2014/09/08 15:02:41 INFO  - jmeter.samplers.SampleEvent: List of sample_variables: [] 
2014/09/08 15:02:41 INFO  - jmeter.gui.util.JMeterMenuBar: setRunning(true,*local*) 
2014/09/08 15:02:42 INFO  - jmeter.engine.StandardJMeterEngine: Starting ThreadGroup: 1 : EmpireWeb Visitors 
2014/09/08 15:02:42 INFO  - jmeter.engine.StandardJMeterEngine: Starting 1 threads for group EmpireWeb Visitors. 
2014/09/08 15:02:42 INFO  - jmeter.engine.StandardJMeterEngine: Thread will stop on error 
2014/09/08 15:02:42 INFO  - jmeter.threads.ThreadGroup: Starting thread group number 1 threads 1 ramp-up 1 perThread 1000.0 delayedStart=false 
2014/09/08 15:02:42 INFO  - jmeter.threads.ThreadGroup: Started thread group number 1 
2014/09/08 15:02:42 INFO  - jmeter.engine.StandardJMeterEngine: All thread groups have been started 
2014/09/08 15:02:42 INFO  - jmeter.threads.JMeterThread: Thread started: EmpireWeb Visitors 1-1 
2014/09/08 15:02:43 INFO  - jmeter.threads.JMeterThread: Thread finished: EmpireWeb Visitors 1-1 
2014/09/08 15:02:43 INFO  - jmeter.engine.StandardJMeterEngine: Notifying test listeners of end of test 
2014/09/08 15:02:43 INFO  - jmeter.gui.util.JMeterMenuBar: setRunning(false,*local*) 
2014/09/08 15:11:51 INFO  - jmeter.engine.StandardJMeterEngine: Running the test! 
2014/09/08 15:11:51 INFO  - jmeter.samplers.SampleEvent: List of sample_variables: [] 
2014/09/08 15:11:51 INFO  - jmeter.gui.util.JMeterMenuBar: setRunning(true,*local*) 
2014/09/08 15:11:51 INFO  - jmeter.engine.StandardJMeterEngine: Starting ThreadGroup: 1 : EmpireWeb Visitors 
2014/09/08 15:11:51 INFO  - jmeter.engine.StandardJMeterEngine: Starting 1 threads for group EmpireWeb Visitors. 
2014/09/08 15:11:51 INFO  - jmeter.engine.StandardJMeterEngine: Thread will stop on error 
2014/09/08 15:11:51 INFO  - jmeter.threads.ThreadGroup: Starting thread group number 1 threads 1 ramp-up 1 perThread 1000.0 delayedStart=false 
2014/09/08 15:11:51 INFO  - jmeter.threads.ThreadGroup: Started thread group number 1 
2014/09/08 15:11:51 INFO  - jmeter.engine.StandardJMeterEngine: All thread groups have been started 
2014/09/08 15:11:51 INFO  - jmeter.threads.JMeterThread: Thread started: EmpireWeb Visitors 1-1 
2014/09/08 15:11:53 INFO  - jmeter.threads.JMeterThread: Thread finished: EmpireWeb Visitors 1-1 
2014/09/08 15:11:53 INFO  - jmeter.engine.StandardJMeterEngine: Notifying test listeners of end of test 
2014/09/08 15:11:53 INFO  - jmeter.gui.util.JMeterMenuBar: setRunning(false,*local*) 
2014/09/08 15:13:17 INFO  - jmeter.engine.StandardJMeterEngine: Running the test! 
2014/09/08 15:13:17 INFO  - jmeter.samplers.SampleEvent: List of sample_variables: [] 
2014/09/08 15:13:17 INFO  - jmeter.gui.util.JMeterMenuBar: setRunning(true,*local*) 
2014/09/08 15:13:17 INFO  - jmeter.engine.StandardJMeterEngine: Starting ThreadGroup: 1 : EmpireWeb Visitors 
2014/09/08 15:13:17 INFO  - jmeter.engine.StandardJMeterEngine: Starting 1 threads for group EmpireWeb Visitors. 
2014/09/08 15:13:17 INFO  - jmeter.engine.StandardJMeterEngine: Thread will stop on error 
2014/09/08 15:13:17 INFO  - jmeter.threads.ThreadGroup: Starting thread group number 1 threads 1 ramp-up 1 perThread 1000.0 delayedStart=false 
2014/09/08 15:13:17 INFO  - jmeter.threads.ThreadGroup: Started thread group number 1 
2014/09/08 15:13:17 INFO  - jmeter.engine.StandardJMeterEngine: All thread groups have been started 
2014/09/08 15:13:17 INFO  - jmeter.threads.JMeterThread: Thread started: EmpireWeb Visitors 1-1 
2014/09/08 15:13:29 INFO  - jmeter.threads.JMeterThread: Thread finished: EmpireWeb Visitors 1-1 
2014/09/08 15:13:29 INFO  - jmeter.engine.StandardJMeterEngine: Notifying test listeners of end of test 
2014/09/08 15:13:29 INFO  - jmeter.gui.util.JMeterMenuBar: setRunning(false,*local*) 
2014/09/08 15:14:24 INFO  - jmeter.gui.action.Load: Loading file: D:\Dev_Test\jMeter-tests\EmpireWebPerformance.jmx 
2014/09/08 15:14:24 INFO  - jmeter.services.FileServer: Set new base='D:\Dev_Test\jMeter-tests' 
2014/09/08 15:14:24 INFO  - jmeter.services.FileServer: Set new base='D:\Dev_Test\jMeter-tests' 
2014/09/08 15:14:29 INFO  - jmeter.engine.StandardJMeterEngine: Running the test! 
2014/09/08 15:14:29 INFO  - jmeter.samplers.SampleEvent: List of sample_variables: [] 
2014/09/08 15:14:29 INFO  - jmeter.gui.util.JMeterMenuBar: setRunning(true,*local*) 
2014/09/08 15:14:30 INFO  - jmeter.engine.StandardJMeterEngine: Starting ThreadGroup: 1 : EmpireWeb Visitors 
2014/09/08 15:14:30 INFO  - jmeter.engine.StandardJMeterEngine: Starting 1 threads for group EmpireWeb Visitors. 
2014/09/08 15:14:30 INFO  - jmeter.engine.StandardJMeterEngine: Thread will stop on error 
2014/09/08 15:14:30 INFO  - jmeter.threads.ThreadGroup: Starting thread group number 1 threads 1 ramp-up 1 perThread 1000.0 delayedStart=false 
2014/09/08 15:14:30 INFO  - jmeter.threads.ThreadGroup: Started thread group number 1 
2014/09/08 15:14:30 INFO  - jmeter.engine.StandardJMeterEngine: All thread groups have been started 
2014/09/08 15:14:30 INFO  - jmeter.threads.JMeterThread: Thread started: EmpireWeb Visitors 1-1 
2014/09/08 15:14:43 INFO  - jmeter.threads.JMeterThread: Thread finished: EmpireWeb Visitors 1-1 
2014/09/08 15:14:43 INFO  - jmeter.engine.StandardJMeterEngine: Notifying test listeners of end of test 
2014/09/08 15:14:43 INFO  - jmeter.gui.util.JMeterMenuBar: setRunning(false,*local*) 
2014/09/08 15:15:48 INFO  - jmeter.engine.StandardJMeterEngine: Running the test! 
2014/09/08 15:15:48 INFO  - jmeter.samplers.SampleEvent: List of sample_variables: [] 
2014/09/08 15:15:48 INFO  - jmeter.gui.util.JMeterMenuBar: setRunning(true,*local*) 
2014/09/08 15:15:48 INFO  - jmeter.engine.StandardJMeterEngine: Starting ThreadGroup: 1 : EmpireWeb Visitors 
2014/09/08 15:15:48 INFO  - jmeter.engine.StandardJMeterEngine: Starting 1 threads for group EmpireWeb Visitors. 
2014/09/08 15:15:48 INFO  - jmeter.engine.StandardJMeterEngine: Thread will stop on error 
2014/09/08 15:15:48 INFO  - jmeter.threads.ThreadGroup: Starting thread group number 1 threads 1 ramp-up 1 perThread 1000.0 delayedStart=false 
2014/09/08 15:15:48 INFO  - jmeter.threads.ThreadGroup: Started thread group number 1 
2014/09/08 15:15:48 INFO  - jmeter.engine.StandardJMeterEngine: All thread groups have been started 
2014/09/08 15:15:48 INFO  - jmeter.threads.JMeterThread: Thread started: EmpireWeb Visitors 1-1 
2014/09/08 15:16:01 INFO  - jmeter.threads.JMeterThread: Thread finished: EmpireWeb Visitors 1-1 
2014/09/08 15:16:01 INFO  - jmeter.engine.StandardJMeterEngine: Notifying test listeners of end of test 
2014/09/08 15:16:01 INFO  - jmeter.gui.util.JMeterMenuBar: setRunning(false,*local*) 
2014/09/08 15:16:51 INFO  - jmeter.engine.StandardJMeterEngine: Running the test! 
2014/09/08 15:16:51 INFO  - jmeter.samplers.SampleEvent: List of sample_variables: [] 
2014/09/08 15:16:51 INFO  - jmeter.gui.util.JMeterMenuBar: setRunning(true,*local*) 
2014/09/08 15:16:51 INFO  - jmeter.engine.StandardJMeterEngine: Starting ThreadGroup: 1 : EmpireWeb Visitors 
2014/09/08 15:16:51 INFO  - jmeter.engine.StandardJMeterEngine: Starting 5 threads for group EmpireWeb Visitors. 
2014/09/08 15:16:51 INFO  - jmeter.engine.StandardJMeterEngine: Thread will stop on error 
2014/09/08 15:16:51 INFO  - jmeter.threads.ThreadGroup: Starting thread group number 1 threads 5 ramp-up 5 perThread 1000.0 delayedStart=false 
2014/09/08 15:16:51 INFO  - jmeter.threads.JMeterThread: Thread started: EmpireWeb Visitors 1-1 
2014/09/08 15:16:51 INFO  - jmeter.threads.ThreadGroup: Started thread group number 1 
2014/09/08 15:16:51 INFO  - jmeter.engine.StandardJMeterEngine: All thread groups have been started 
2014/09/08 15:16:52 INFO  - jmeter.threads.JMeterThread: Thread started: EmpireWeb Visitors 1-2 
2014/09/08 15:16:53 INFO  - jmeter.threads.JMeterThread: Thread started: EmpireWeb Visitors 1-3 
2014/09/08 15:16:54 INFO  - jmeter.threads.JMeterThread: Thread started: EmpireWeb Visitors 1-4 
2014/09/08 15:16:55 INFO  - jmeter.threads.JMeterThread: Thread started: EmpireWeb Visitors 1-5 
2014/09/08 15:17:01 INFO  - jmeter.gui.action.Load: Loading file: D:\Dev_Test\jMeter-tests\EmpireWebPerformance.jmx 
2014/09/08 15:17:01 INFO  - jmeter.services.FileServer: Set new base='D:\Dev_Test\jMeter-tests' 
2014/09/08 15:17:01 INFO  - jmeter.services.FileServer: Set new base='D:\Dev_Test\jMeter-tests' 
2014/09/08 15:17:03 INFO  - jmeter.threads.JMeterThread: Thread finished: EmpireWeb Visitors 1-1 
2014/09/08 15:17:04 INFO  - jmeter.threads.JMeterThread: Thread finished: EmpireWeb Visitors 1-2 
2014/09/08 15:17:05 INFO  - jmeter.threads.JMeterThread: Thread finished: EmpireWeb Visitors 1-3 
2014/09/08 15:17:06 INFO  - jmeter.threads.JMeterThread: Thread finished: EmpireWeb Visitors 1-4 
2014/09/08 15:17:07 INFO  - jmeter.threads.JMeterThread: Thread finished: EmpireWeb Visitors 1-5 
2014/09/08 15:17:07 INFO  - jmeter.engine.StandardJMeterEngine: Notifying test listeners of end of test 
2014/09/08 15:17:07 INFO  - jmeter.gui.util.JMeterMenuBar: setRunning(false,*local*) 
2014/09/08 15:17:32 INFO  - jmeter.engine.StandardJMeterEngine: Running the test! 
2014/09/08 15:17:32 INFO  - jmeter.samplers.SampleEvent: List of sample_variables: [] 
2014/09/08 15:17:32 INFO  - jmeter.gui.util.JMeterMenuBar: setRunning(true,*local*) 
2014/09/08 15:17:32 INFO  - jmeter.engine.StandardJMeterEngine: Starting ThreadGroup: 1 : EmpireWeb Visitors 
2014/09/08 15:17:32 INFO  - jmeter.engine.StandardJMeterEngine: Starting 5 threads for group EmpireWeb Visitors. 
2014/09/08 15:17:32 INFO  - jmeter.engine.StandardJMeterEngine: Thread will stop on error 
2014/09/08 15:17:32 INFO  - jmeter.threads.ThreadGroup: Starting thread group number 1 threads 5 ramp-up 5 perThread 1000.0 delayedStart=false 
2014/09/08 15:17:32 INFO  - jmeter.threads.JMeterThread: Thread started: EmpireWeb Visitors 1-1 
2014/09/08 15:17:32 INFO  - jmeter.threads.ThreadGroup: Started thread group number 1 
2014/09/08 15:17:32 INFO  - jmeter.engine.StandardJMeterEngine: All thread groups have been started 
2014/09/08 15:17:33 INFO  - jmeter.threads.JMeterThread: Thread started: EmpireWeb Visitors 1-2 
2014/09/08 15:17:34 INFO  - jmeter.threads.JMeterThread: Thread started: EmpireWeb Visitors 1-3 
2014/09/08 15:17:35 INFO  - jmeter.threads.JMeterThread: Thread started: EmpireWeb Visitors 1-4 
2014/09/08 15:17:36 INFO  - jmeter.threads.JMeterThread: Thread started: EmpireWeb Visitors 1-5 
2014/09/08 15:17:44 INFO  - jmeter.threads.JMeterThread: Thread finished: EmpireWeb Visitors 1-1 
2014/09/08 15:17:45 INFO  - jmeter.threads.JMeterThread: Thread finished: EmpireWeb Visitors 1-2 
2014/09/08 15:17:46 INFO  - jmeter.threads.JMeterThread: Thread finished: EmpireWeb Visitors 1-3 
2014/09/08 15:17:47 INFO  - jmeter.threads.JMeterThread: Thread finished: EmpireWeb Visitors 1-4 
2014/09/08 15:17:48 INFO  - jmeter.threads.JMeterThread: Thread finished: EmpireWeb Visitors 1-5 
2014/09/08 15:17:48 INFO  - jmeter.engine.StandardJMeterEngine: Notifying test listeners of end of test 
2014/09/08 15:17:48 INFO  - jmeter.gui.util.JMeterMenuBar: setRunning(false,*local*) 
2014/09/08 15:18:20 INFO  - jmeter.engine.StandardJMeterEngine: Running the test! 
2014/09/08 15:18:20 INFO  - jmeter.samplers.SampleEvent: List of sample_variables: [] 
2014/09/08 15:18:20 INFO  - jmeter.gui.util.JMeterMenuBar: setRunning(true,*local*) 
2014/09/08 15:18:20 INFO  - jmeter.engine.StandardJMeterEngine: Starting ThreadGroup: 1 : EmpireWeb Visitors 
2014/09/08 15:18:20 INFO  - jmeter.engine.StandardJMeterEngine: Starting 5 threads for group EmpireWeb Visitors. 
2014/09/08 15:18:20 INFO  - jmeter.engine.StandardJMeterEngine: Thread will stop on error 
2014/09/08 15:18:20 INFO  - jmeter.threads.ThreadGroup: Starting thread group number 1 threads 5 ramp-up 5 perThread 1000.0 delayedStart=false 
2014/09/08 15:18:20 INFO  - jmeter.threads.JMeterThread: Thread started: EmpireWeb Visitors 1-1 
2014/09/08 15:18:20 INFO  - jmeter.threads.ThreadGroup: Started thread group number 1 
2014/09/08 15:18:20 INFO  - jmeter.engine.StandardJMeterEngine: All thread groups have been started 
2014/09/08 15:18:21 INFO  - jmeter.threads.JMeterThread: Thread started: EmpireWeb Visitors 1-2 
2014/09/08 15:18:22 INFO  - jmeter.threads.JMeterThread: Thread started: EmpireWeb Visitors 1-3 
2014/09/08 15:18:23 INFO  - jmeter.threads.JMeterThread: Thread started: EmpireWeb Visitors 1-4 
2014/09/08 15:18:24 INFO  - jmeter.threads.JMeterThread: Thread started: EmpireWeb Visitors 1-5 
2014/09/08 15:18:32 INFO  - jmeter.threads.JMeterThread: Thread finished: EmpireWeb Visitors 1-1 
2014/09/08 15:18:33 INFO  - jmeter.threads.JMeterThread: Thread finished: EmpireWeb Visitors 1-2 
2014/09/08 15:18:34 INFO  - jmeter.threads.JMeterThread: Thread finished: EmpireWeb Visitors 1-3 
2014/09/08 15:18:35 INFO  - jmeter.threads.JMeterThread: Thread finished: EmpireWeb Visitors 1-4 
2014/09/08 15:18:36 INFO  - jmeter.threads.JMeterThread: Thread finished: EmpireWeb Visitors 1-5 
2014/09/08 15:18:36 INFO  - jmeter.engine.StandardJMeterEngine: Notifying test listeners of end of test 
2014/09/08 15:18:36 INFO  - jmeter.gui.util.JMeterMenuBar: setRunning(false,*local*) 
2014/09/08 15:19:07 INFO  - jmeter.engine.StandardJMeterEngine: Running the test! 
2014/09/08 15:19:07 INFO  - jmeter.samplers.SampleEvent: List of sample_variables: [] 
2014/09/08 15:19:07 INFO  - jmeter.gui.util.JMeterMenuBar: setRunning(true,*local*) 
2014/09/08 15:19:07 INFO  - jmeter.engine.StandardJMeterEngine: Starting ThreadGroup: 1 : EmpireWeb Visitors 
2014/09/08 15:19:07 INFO  - jmeter.engine.StandardJMeterEngine: Starting 5 threads for group EmpireWeb Visitors. 
2014/09/08 15:19:07 INFO  - jmeter.engine.StandardJMeterEngine: Thread will stop on error 
2014/09/08 15:19:07 INFO  - jmeter.threads.ThreadGroup: Starting thread group number 1 threads 5 ramp-up 5 perThread 1000.0 delayedStart=false 
2014/09/08 15:19:07 INFO  - jmeter.threads.JMeterThread: Thread started: EmpireWeb Visitors 1-1 
2014/09/08 15:19:07 INFO  - jmeter.threads.ThreadGroup: Started thread group number 1 
2014/09/08 15:19:07 INFO  - jmeter.engine.StandardJMeterEngine: All thread groups have been started 
2014/09/08 15:19:08 INFO  - jmeter.threads.JMeterThread: Thread started: EmpireWeb Visitors 1-2 
2014/09/08 15:19:09 INFO  - jmeter.threads.JMeterThread: Thread started: EmpireWeb Visitors 1-3 
2014/09/08 15:19:10 INFO  - jmeter.threads.JMeterThread: Thread started: EmpireWeb Visitors 1-4 
2014/09/08 15:19:11 INFO  - jmeter.threads.JMeterThread: Thread started: EmpireWeb Visitors 1-5 
2014/09/08 15:19:19 INFO  - jmeter.threads.JMeterThread: Thread finished: EmpireWeb Visitors 1-1 
2014/09/08 15:19:20 INFO  - jmeter.threads.JMeterThread: Thread finished: EmpireWeb Visitors 1-2 
2014/09/08 15:19:21 INFO  - jmeter.threads.JMeterThread: Thread finished: EmpireWeb Visitors 1-3 
2014/09/08 15:19:22 INFO  - jmeter.threads.JMeterThread: Thread finished: EmpireWeb Visitors 1-4 
2014/09/08 15:19:29 INFO  - jmeter.threads.JMeterThread: Thread finished: EmpireWeb Visitors 1-5 
2014/09/08 15:19:29 INFO  - jmeter.engine.StandardJMeterEngine: Notifying test listeners of end of test 
2014/09/08 15:19:29 INFO  - jmeter.gui.util.JMeterMenuBar: setRunning(false,*local*) 
2014/09/08 15:21:43 INFO  - jmeter.engine.StandardJMeterEngine: Running the test! 
2014/09/08 15:21:43 INFO  - jmeter.samplers.SampleEvent: List of sample_variables: [] 
2014/09/08 15:21:43 INFO  - jmeter.gui.util.JMeterMenuBar: setRunning(true,*local*) 
2014/09/08 15:21:43 INFO  - jmeter.engine.StandardJMeterEngine: Starting ThreadGroup: 1 : EmpireWeb Visitors 
2014/09/08 15:21:43 INFO  - jmeter.engine.StandardJMeterEngine: Starting 5 threads for group EmpireWeb Visitors. 
2014/09/08 15:21:43 INFO  - jmeter.engine.StandardJMeterEngine: Thread will stop on error 
2014/09/08 15:21:43 INFO  - jmeter.threads.ThreadGroup: Starting thread group number 1 threads 5 ramp-up 5 perThread 1000.0 delayedStart=false 
2014/09/08 15:21:43 INFO  - jmeter.threads.JMeterThread: Thread started: EmpireWeb Visitors 1-1 
2014/09/08 15:21:43 INFO  - jmeter.threads.ThreadGroup: Started thread group number 1 
2014/09/08 15:21:43 INFO  - jmeter.engine.StandardJMeterEngine: All thread groups have been started 
2014/09/08 15:21:44 INFO  - jmeter.threads.JMeterThread: Thread started: EmpireWeb Visitors 1-2 
2014/09/08 15:21:45 INFO  - jmeter.threads.JMeterThread: Thread started: EmpireWeb Visitors 1-3 
2014/09/08 15:21:46 INFO  - jmeter.threads.JMeterThread: Thread started: EmpireWeb Visitors 1-4 
2014/09/08 15:21:47 INFO  - jmeter.threads.JMeterThread: Thread started: EmpireWeb Visitors 1-5 
2014/09/08 15:21:55 INFO  - jmeter.threads.JMeterThread: Thread finished: EmpireWeb Visitors 1-1 
2014/09/08 15:21:56 INFO  - jmeter.threads.JMeterThread: Thread finished: EmpireWeb Visitors 1-2 
2014/09/08 15:21:57 INFO  - jmeter.threads.JMeterThread: Thread finished: EmpireWeb Visitors 1-3 
2014/09/08 15:21:58 INFO  - jmeter.threads.JMeterThread: Thread finished: EmpireWeb Visitors 1-4 
2014/09/08 15:21:59 INFO  - jmeter.threads.JMeterThread: Thread finished: EmpireWeb Visitors 1-5 
2014/09/08 15:21:59 INFO  - jmeter.engine.StandardJMeterEngine: Notifying test listeners of end of test 
2014/09/08 15:21:59 INFO  - jmeter.gui.util.JMeterMenuBar: setRunning(false,*local*) 
